[
    2
    "nvim_buf_lines_event"
    [
        EXT: (0 -> 1)
        4
        263
        264
        []
        false
    ]
]
[
    2
    "nvim_buf_lines_event"
    [
        EXT: (0 -> 1)
        5
        263
        263
        [
            "	/* if rng == 1 {"
        ]
        false
    ]
]
[
    2
    "nvim_buf_changedtick_event"
    [
        EXT: (0 -> 1)
        6
    ]
]
[
    2
    "nvim_buf_lines_event"
    [
        EXT: (0 -> 1)
        7
        263
        266
        []
        false
    ]
]
[
    2
    "nvim_buf_lines_event"
    [
        EXT: (0 -> 1)
        8
        263
        263
        [
            "	/* if rng == 1 {"
            "		list.Delete_Node(at)"
            "	} */"
        ]
        false
    ]
]
